<?xml version="1.0" encoding="UTF-8"?>
<testng-results ignored="0" total="2" passed="2" failed="0" skipped="0">
  <reporter-output>
  </reporter-output>
  <suite started-at="2022-07-19T02:39:31 IST" name="Default suite" finished-at="2022-07-19T02:41:05 IST" duration-ms="93658">
    <groups>
    </groups>
    <test started-at="2022-07-19T02:39:31 IST" name="Default test" finished-at="2022-07-19T02:41:05 IST" duration-ms="93658">
      <class name="cardTest.DonationScenario">
        <test-method is-config="true" signature="baseDriver()[pri:0, instance:cardTest.DonationScenario@71a8adcf]" started-at="2022-07-19T02:39:25 IST" name="baseDriver" finished-at="2022-07-19T02:39:31 IST" duration-ms="5527" status="PASS">
          <reporter-output>
          </reporter-output>
        </test-method> <!-- baseDriver -->
        <test-method is-config="true" signature="openURL()[pri:0, instance:cardTest.DonationScenario@71a8adcf]" started-at="2022-07-19T02:39:31 IST" name="openURL" finished-at="2022-07-19T02:39:42 IST" duration-ms="11043" status="PASS">
          <reporter-output>
          </reporter-output>
        </test-method> <!-- openURL -->
        <test-method signature="verifyPageLoad()[pri:0, instance:cardTest.DonationScenario@71a8adcf]" started-at="2022-07-19T02:39:42 IST" name="verifyPageLoad" finished-at="2022-07-19T02:39:42 IST" duration-ms="16" status="PASS">
          <reporter-output>
          </reporter-output>
        </test-method> <!-- verifyPageLoad -->
        <test-method signature="makeDonation()[pri:1, instance:cardTest.DonationScenario@71a8adcf]" started-at="2022-07-19T02:39:42 IST" name="makeDonation" finished-at="2022-07-19T02:41:05 IST" duration-ms="82552" status="PASS">
          <reporter-output>
          </reporter-output>
        </test-method> <!-- makeDonation -->
        <test-method is-config="true" signature="closeDriver()[pri:0, instance:cardTest.DonationScenario@71a8adcf]" started-at="2022-07-19T02:41:05 IST" name="closeDriver" finished-at="2022-07-19T02:41:11 IST" duration-ms="5739" status="PASS">
          <reporter-output>
          </reporter-output>
        </test-method> <!-- closeDriver -->
      </class> <!-- cardTest.DonationScenario -->
    </test> <!-- Default test -->
  </suite> <!-- Default suite -->
</testng-results>
